[0.392s] Invoking command in '/root/dev_ws/my_package': PYTHONPATH=/root/dev_ws/install/my_package/lib/python3.8/site-packages:${PYTHONPATH} /usr/bin/python3 setup.py egg_info --egg-base ../build/my_package build --build-base /root/dev_ws/build/my_package/build install --prefix /root/dev_ws/install/my_package --record /root/dev_ws/build/my_package/install.log --single-version-externally-managed
[0.523s] running egg_info
[0.523s] creating ../build/my_package/my_package.egg-info
[0.523s] writing ../build/my_package/my_package.egg-info/PKG-INFO
[0.523s] writing dependency_links to ../build/my_package/my_package.egg-info/dependency_links.txt
[0.523s] writing entry points to ../build/my_package/my_package.egg-info/entry_points.txt
[0.523s] writing requirements to ../build/my_package/my_package.egg-info/requires.txt
[0.523s] writing top-level names to ../build/my_package/my_package.egg-info/top_level.txt
[0.524s] writing manifest file '../build/my_package/my_package.egg-info/SOURCES.txt'
[0.549s] reading manifest file '../build/my_package/my_package.egg-info/SOURCES.txt'
[0.550s] writing manifest file '../build/my_package/my_package.egg-info/SOURCES.txt'
[0.550s] running build
[0.550s] running build_py
[0.550s] creating /root/dev_ws/build/my_package/build
[0.550s] creating /root/dev_ws/build/my_package/build/lib
[0.550s] creating /root/dev_ws/build/my_package/build/lib/my_package
[0.550s] copying my_package/my_node.py -> /root/dev_ws/build/my_package/build/lib/my_package
[0.550s] copying my_package/__init__.py -> /root/dev_ws/build/my_package/build/lib/my_package
[0.551s] running install
[0.551s] running install_lib
[0.551s] creating /root/dev_ws/install/my_package/lib/python3.8/site-packages/my_package
[0.551s] copying /root/dev_ws/build/my_package/build/lib/my_package/my_node.py -> /root/dev_ws/install/my_package/lib/python3.8/site-packages/my_package
[0.551s] copying /root/dev_ws/build/my_package/build/lib/my_package/__init__.py -> /root/dev_ws/install/my_package/lib/python3.8/site-packages/my_package
[0.552s] byte-compiling /root/dev_ws/install/my_package/lib/python3.8/site-packages/my_package/my_node.py to my_node.cpython-38.pyc
[0.552s] byte-compiling /root/dev_ws/install/my_package/lib/python3.8/site-packages/my_package/__init__.py to __init__.cpython-38.pyc
[0.552s] running install_data
[0.553s] creating /root/dev_ws/install/my_package/share/ament_index
[0.553s] creating /root/dev_ws/install/my_package/share/ament_index/resource_index
[0.553s] creating /root/dev_ws/install/my_package/share/ament_index/resource_index/packages
[0.553s] copying resource/my_package -> /root/dev_ws/install/my_package/share/ament_index/resource_index/packages
[0.553s] copying package.xml -> /root/dev_ws/install/my_package/share/my_package
[0.553s] running install_egg_info
[0.554s] Copying ../build/my_package/my_package.egg-info to /root/dev_ws/install/my_package/lib/python3.8/site-packages/my_package-0.0.0-py3.8.egg-info
[0.554s] running install_scripts
[0.566s] Installing my_node script to /root/dev_ws/install/my_package/lib/my_package
[0.566s] writing list of installed files to '/root/dev_ws/build/my_package/install.log'
[0.578s] Invoked command in '/root/dev_ws/my_package' returned '0': PYTHONPATH=/root/dev_ws/install/my_package/lib/python3.8/site-packages:${PYTHONPATH} /usr/bin/python3 setup.py egg_info --egg-base ../build/my_package build --build-base /root/dev_ws/build/my_package/build install --prefix /root/dev_ws/install/my_package --record /root/dev_ws/build/my_package/install.log --single-version-externally-managed
