[0.403s] Invoking command in '/root/dev_ws/src/my_package': PYTHONPATH=/root/dev_ws/install/my_package/lib/python3.8/site-packages:${PYTHONPATH} /usr/bin/python3 setup.py egg_info --egg-base ../../build/my_package build --build-base /root/dev_ws/build/my_package/build install --prefix /root/dev_ws/install/my_package --record /root/dev_ws/build/my_package/install.log --single-version-externally-managed
[0.537s] running egg_info
[0.537s] writing ../../build/my_package/my_package.egg-info/PKG-INFO
[0.538s] writing dependency_links to ../../build/my_package/my_package.egg-info/dependency_links.txt
[0.538s] writing entry points to ../../build/my_package/my_package.egg-info/entry_points.txt
[0.538s] writing requirements to ../../build/my_package/my_package.egg-info/requires.txt
[0.538s] writing top-level names to ../../build/my_package/my_package.egg-info/top_level.txt
[0.564s] reading manifest file '../../build/my_package/my_package.egg-info/SOURCES.txt'
[0.564s] writing manifest file '../../build/my_package/my_package.egg-info/SOURCES.txt'
[0.564s] running build
[0.564s] running build_py
[0.565s] running install
[0.565s] running install_lib
[0.566s] running install_data
[0.566s] running install_egg_info
[0.568s] removing '/root/dev_ws/install/my_package/lib/python3.8/site-packages/my_package-0.0.0-py3.8.egg-info' (and everything under it)
[0.568s] Copying ../../build/my_package/my_package.egg-info to /root/dev_ws/install/my_package/lib/python3.8/site-packages/my_package-0.0.0-py3.8.egg-info
[0.568s] running install_scripts
[0.580s] Installing listener script to /root/dev_ws/install/my_package/lib/my_package
[0.580s] Installing my_node script to /root/dev_ws/install/my_package/lib/my_package
[0.580s] Installing talker script to /root/dev_ws/install/my_package/lib/my_package
[0.580s] writing list of installed files to '/root/dev_ws/build/my_package/install.log'
[0.596s] Invoked command in '/root/dev_ws/src/my_package' returned '0': PYTHONPATH=/root/dev_ws/install/my_package/lib/python3.8/site-packages:${PYTHONPATH} /usr/bin/python3 setup.py egg_info --egg-base ../../build/my_package build --build-base /root/dev_ws/build/my_package/build install --prefix /root/dev_ws/install/my_package --record /root/dev_ws/build/my_package/install.log --single-version-externally-managed
