[0.590s] Invoking command in '/root/dev_ws/src/my_package': PYTHONPATH=/root/dev_ws/install/my_package/lib/python3.8/site-packages:${PYTHONPATH} /usr/bin/python3 setup.py egg_info --egg-base ../../build/my_package build --build-base /root/dev_ws/build/my_package/build install --prefix /root/dev_ws/install/my_package --record /root/dev_ws/build/my_package/install.log --single-version-externally-managed
[0.731s] running egg_info
[0.731s] writing ../../build/my_package/my_package.egg-info/PKG-INFO
[0.731s] writing dependency_links to ../../build/my_package/my_package.egg-info/dependency_links.txt
[0.731s] writing entry points to ../../build/my_package/my_package.egg-info/entry_points.txt
[0.732s] writing requirements to ../../build/my_package/my_package.egg-info/requires.txt
[0.732s] writing top-level names to ../../build/my_package/my_package.egg-info/top_level.txt
[0.759s] reading manifest file '../../build/my_package/my_package.egg-info/SOURCES.txt'
[0.760s] writing manifest file '../../build/my_package/my_package.egg-info/SOURCES.txt'
[0.760s] running build
[0.760s] running build_py
[0.760s] running install
[0.761s] running install_lib
[0.762s] running install_data
[0.762s] running install_egg_info
[0.763s] removing '/root/dev_ws/install/my_package/lib/python3.8/site-packages/my_package-0.0.0-py3.8.egg-info' (and everything under it)
[0.763s] Copying ../../build/my_package/my_package.egg-info to /root/dev_ws/install/my_package/lib/python3.8/site-packages/my_package-0.0.0-py3.8.egg-info
[0.764s] running install_scripts
[0.777s] Installing listener script to /root/dev_ws/install/my_package/lib/my_package
[0.777s] Installing my_node script to /root/dev_ws/install/my_package/lib/my_package
[0.777s] Installing talker script to /root/dev_ws/install/my_package/lib/my_package
[0.777s] writing list of installed files to '/root/dev_ws/build/my_package/install.log'
[0.792s] Invoked command in '/root/dev_ws/src/my_package' returned '0': PYTHONPATH=/root/dev_ws/install/my_package/lib/python3.8/site-packages:${PYTHONPATH} /usr/bin/python3 setup.py egg_info --egg-base ../../build/my_package build --build-base /root/dev_ws/build/my_package/build install --prefix /root/dev_ws/install/my_package --record /root/dev_ws/build/my_package/install.log --single-version-externally-managed
