[0.581s] Invoking command in '/root/dev_ws/src/workshop_aruco': PYTHONPATH=/root/dev_ws/install/workshop_aruco/lib/python3.8/site-packages:${PYTHONPATH} /usr/bin/python3 setup.py egg_info --egg-base ../../build/workshop_aruco build --build-base /root/dev_ws/build/workshop_aruco/build install --prefix /root/dev_ws/install/workshop_aruco --record /root/dev_ws/build/workshop_aruco/install.log --single-version-externally-managed
[0.718s] running egg_info
[0.719s] writing ../../build/workshop_aruco/workshop_aruco.egg-info/PKG-INFO
[0.719s] writing dependency_links to ../../build/workshop_aruco/workshop_aruco.egg-info/dependency_links.txt
[0.719s] writing entry points to ../../build/workshop_aruco/workshop_aruco.egg-info/entry_points.txt
[0.719s] writing requirements to ../../build/workshop_aruco/workshop_aruco.egg-info/requires.txt
[0.719s] writing top-level names to ../../build/workshop_aruco/workshop_aruco.egg-info/top_level.txt
[0.747s] reading manifest file '../../build/workshop_aruco/workshop_aruco.egg-info/SOURCES.txt'
[0.748s] writing manifest file '../../build/workshop_aruco/workshop_aruco.egg-info/SOURCES.txt'
[0.748s] running build
[0.748s] running build_py
[0.748s] copying workshop_aruco/aruco_to_turtle.py -> /root/dev_ws/build/workshop_aruco/build/lib/workshop_aruco
[0.748s] running install
[0.748s] running install_lib
[0.749s] copying /root/dev_ws/build/workshop_aruco/build/lib/workshop_aruco/aruco_to_turtle.py -> /root/dev_ws/install/workshop_aruco/lib/python3.8/site-packages/workshop_aruco
[0.750s] byte-compiling /root/dev_ws/install/workshop_aruco/lib/python3.8/site-packages/workshop_aruco/aruco_to_turtle.py to aruco_to_turtle.cpython-38.pyc
[0.751s] running install_data
[0.751s] running install_egg_info
[0.752s] removing '/root/dev_ws/install/workshop_aruco/lib/python3.8/site-packages/workshop_aruco-0.0.0-py3.8.egg-info' (and everything under it)
[0.752s] Copying ../../build/workshop_aruco/workshop_aruco.egg-info to /root/dev_ws/install/workshop_aruco/lib/python3.8/site-packages/workshop_aruco-0.0.0-py3.8.egg-info
[0.753s] running install_scripts
[0.765s] Installing aruco_to_turtle script to /root/dev_ws/install/workshop_aruco/lib/workshop_aruco
[0.765s] Installing image_publisher script to /root/dev_ws/install/workshop_aruco/lib/workshop_aruco
[0.766s] writing list of installed files to '/root/dev_ws/build/workshop_aruco/install.log'
[0.785s] Invoked command in '/root/dev_ws/src/workshop_aruco' returned '0': PYTHONPATH=/root/dev_ws/install/workshop_aruco/lib/python3.8/site-packages:${PYTHONPATH} /usr/bin/python3 setup.py egg_info --egg-base ../../build/workshop_aruco build --build-base /root/dev_ws/build/workshop_aruco/build install --prefix /root/dev_ws/install/workshop_aruco --record /root/dev_ws/build/workshop_aruco/install.log --single-version-externally-managed
