[0.420s] Invoking command in '/root/dev_ws/src/my_package': PYTHONPATH=/root/dev_ws/install/my_package/lib/python3.8/site-packages:${PYTHONPATH} /usr/bin/python3 setup.py egg_info --egg-base ../../build/my_package build --build-base /root/dev_ws/build/my_package/build install --prefix /root/dev_ws/install/my_package --record /root/dev_ws/build/my_package/install.log --single-version-externally-managed
[0.551s] running egg_info
[0.551s] writing ../../build/my_package/my_package.egg-info/PKG-INFO
[0.551s] writing dependency_links to ../../build/my_package/my_package.egg-info/dependency_links.txt
[0.552s] writing entry points to ../../build/my_package/my_package.egg-info/entry_points.txt
[0.552s] writing requirements to ../../build/my_package/my_package.egg-info/requires.txt
[0.552s] writing top-level names to ../../build/my_package/my_package.egg-info/top_level.txt
[0.579s] reading manifest file '../../build/my_package/my_package.egg-info/SOURCES.txt'
[0.579s] writing manifest file '../../build/my_package/my_package.egg-info/SOURCES.txt'
[0.580s] running build
[0.580s] running build_py
[0.580s] copying my_package/subscriber.py -> /root/dev_ws/build/my_package/build/lib/my_package
[0.580s] copying my_package/publisher.py -> /root/dev_ws/build/my_package/build/lib/my_package
[0.580s] running install
[0.580s] running install_lib
[0.581s] copying /root/dev_ws/build/my_package/build/lib/my_package/subscriber.py -> /root/dev_ws/install/my_package/lib/python3.8/site-packages/my_package
[0.581s] copying /root/dev_ws/build/my_package/build/lib/my_package/publisher.py -> /root/dev_ws/install/my_package/lib/python3.8/site-packages/my_package
[0.581s] byte-compiling /root/dev_ws/install/my_package/lib/python3.8/site-packages/my_package/subscriber.py to subscriber.cpython-38.pyc
[0.582s] byte-compiling /root/dev_ws/install/my_package/lib/python3.8/site-packages/my_package/publisher.py to publisher.cpython-38.pyc
[0.582s] running install_data
[0.583s] copying package.xml -> /root/dev_ws/install/my_package/share/my_package
[0.583s] running install_egg_info
[0.584s] removing '/root/dev_ws/install/my_package/lib/python3.8/site-packages/my_package-0.0.0-py3.8.egg-info' (and everything under it)
[0.584s] Copying ../../build/my_package/my_package.egg-info to /root/dev_ws/install/my_package/lib/python3.8/site-packages/my_package-0.0.0-py3.8.egg-info
[0.585s] running install_scripts
[0.598s] Installing listener script to /root/dev_ws/install/my_package/lib/my_package
[0.598s] Installing my_node script to /root/dev_ws/install/my_package/lib/my_package
[0.598s] Installing talker script to /root/dev_ws/install/my_package/lib/my_package
[0.598s] writing list of installed files to '/root/dev_ws/build/my_package/install.log'
[0.612s] Invoked command in '/root/dev_ws/src/my_package' returned '0': PYTHONPATH=/root/dev_ws/install/my_package/lib/python3.8/site-packages:${PYTHONPATH} /usr/bin/python3 setup.py egg_info --egg-base ../../build/my_package build --build-base /root/dev_ws/build/my_package/build install --prefix /root/dev_ws/install/my_package --record /root/dev_ws/build/my_package/install.log --single-version-externally-managed
