[0.396s] Invoking command in '/root/dev_ws/src/workshop_aruco': PYTHONPATH=/root/dev_ws/install/workshop_aruco/lib/python3.8/site-packages:${PYTHONPATH} /usr/bin/python3 setup.py egg_info --egg-base ../../build/workshop_aruco build --build-base /root/dev_ws/build/workshop_aruco/build install --prefix /root/dev_ws/install/workshop_aruco --record /root/dev_ws/build/workshop_aruco/install.log --single-version-externally-managed
[0.525s] running egg_info
[0.526s] writing ../../build/workshop_aruco/workshop_aruco.egg-info/PKG-INFO
[0.526s] writing dependency_links to ../../build/workshop_aruco/workshop_aruco.egg-info/dependency_links.txt
[0.526s] writing entry points to ../../build/workshop_aruco/workshop_aruco.egg-info/entry_points.txt
[0.526s] writing requirements to ../../build/workshop_aruco/workshop_aruco.egg-info/requires.txt
[0.526s] writing top-level names to ../../build/workshop_aruco/workshop_aruco.egg-info/top_level.txt
[0.552s] reading manifest file '../../build/workshop_aruco/workshop_aruco.egg-info/SOURCES.txt'
[0.553s] writing manifest file '../../build/workshop_aruco/workshop_aruco.egg-info/SOURCES.txt'
[0.553s] running build
[0.553s] running build_py
[0.554s] running install
[0.554s] running install_lib
[0.555s] running install_data
[0.555s] running install_egg_info
[0.556s] removing '/root/dev_ws/install/workshop_aruco/lib/python3.8/site-packages/workshop_aruco-0.0.0-py3.8.egg-info' (and everything under it)
[0.556s] Copying ../../build/workshop_aruco/workshop_aruco.egg-info to /root/dev_ws/install/workshop_aruco/lib/python3.8/site-packages/workshop_aruco-0.0.0-py3.8.egg-info
[0.557s] running install_scripts
[0.568s] Installing aruco_to_turtle script to /root/dev_ws/install/workshop_aruco/lib/workshop_aruco
[0.568s] Installing image_publisher script to /root/dev_ws/install/workshop_aruco/lib/workshop_aruco
[0.569s] writing list of installed files to '/root/dev_ws/build/workshop_aruco/install.log'
[0.583s] Invoked command in '/root/dev_ws/src/workshop_aruco' returned '0': PYTHONPATH=/root/dev_ws/install/workshop_aruco/lib/python3.8/site-packages:${PYTHONPATH} /usr/bin/python3 setup.py egg_info --egg-base ../../build/workshop_aruco build --build-base /root/dev_ws/build/workshop_aruco/build install --prefix /root/dev_ws/install/workshop_aruco --record /root/dev_ws/build/workshop_aruco/install.log --single-version-externally-managed
