[0.009s] Invoking command in '/root/dev_ws/build/turtlesim': CMAKE_PREFIX_PATH=/opt/ros/foxy /usr/bin/cmake /root/dev_ws/src/ros_tutorials/turtlesim -DCMAKE_INSTALL_PREFIX=/root/dev_ws/install/turtlesim
[0.046s] -- The C compiler identification is GNU 9.3.0
[0.093s] -- The CXX compiler identification is GNU 9.3.0
[0.096s] -- Check for working C compiler: /usr/bin/cc
[0.155s] -- Check for working C compiler: /usr/bin/cc -- works
[0.156s] -- Detecting C compiler ABI info
[0.221s] -- Detecting C compiler ABI info - done
[0.230s] -- Detecting C compile features
[0.230s] -- Detecting C compile features - done
[0.232s] -- Check for working CXX compiler: /usr/bin/c++
[0.282s] -- Check for working CXX compiler: /usr/bin/c++ -- works
[0.283s] -- Detecting CXX compiler ABI info
[0.334s] -- Detecting CXX compiler ABI info - done
[0.342s] -- Detecting CXX compile features
[0.342s] -- Detecting CXX compile features - done
[0.344s] -- Found ament_cmake: 0.9.9 (/opt/ros/foxy/share/ament_cmake/cmake)
[0.360s] -- Found PythonInterp: /usr/bin/python3 (found suitable version "3.8.10", minimum required is "3") 
[0.360s] -- Using PYTHON_EXECUTABLE: /usr/bin/python3
[0.489s] -- Found ament_index_cpp: 1.1.0 (/opt/ros/foxy/share/ament_index_cpp/cmake)
[0.492s] -- Found geometry_msgs: 2.0.4 (/opt/ros/foxy/share/geometry_msgs/cmake)
[0.515s] -- Using all available rosidl_typesupport_c: rosidl_typesupport_fastrtps_c;rosidl_typesupport_introspection_c
[0.520s] -- Found rosidl_adapter: 1.2.1 (/opt/ros/foxy/share/rosidl_adapter/cmake)
[0.584s] -- Found OpenSSL: /usr/lib/x86_64-linux-gnu/libcrypto.so (found version "1.1.1f")  
[0.608s] -- Found FastRTPS: /opt/ros/foxy/include  
[0.671s] -- Using all available rosidl_typesupport_cpp: rosidl_typesupport_fastrtps_cpp;rosidl_typesupport_introspection_cpp
[0.731s] -- Found rclcpp: 2.4.0 (/opt/ros/foxy/share/rclcpp/cmake)
[0.761s] -- Found rmw_implementation_cmake: 1.0.3 (/opt/ros/foxy/share/rmw_implementation_cmake/cmake)
[0.762s] -- Using RMW implementation 'rmw_fastrtps_cpp' as default
[0.762s] -- Looking for pthread.h
[0.819s] -- Looking for pthread.h - found
[0.819s] -- Performing Test CMAKE_HAVE_LIBC_PTHREAD
[0.864s] -- Performing Test CMAKE_HAVE_LIBC_PTHREAD - Failed
[0.864s] -- Looking for pthread_create in pthreads
[0.909s] -- Looking for pthread_create in pthreads - not found
[0.909s] -- Looking for pthread_create in pthread
[0.954s] -- Looking for pthread_create in pthread - found
[0.955s] -- Found Threads: TRUE  
[1.046s] -- Found rclcpp_action: 2.4.0 (/opt/ros/foxy/share/rclcpp_action/cmake)
[1.095s] -- Found rosidl_default_generators: 1.0.1 (/opt/ros/foxy/share/rosidl_default_generators/cmake)
[1.103s] -- Found std_srvs: 2.0.4 (/opt/ros/foxy/share/std_srvs/cmake)
[1.124s] -- Found PythonInterp: /usr/bin/python3 (found version "3.8.10") 
[1.260s] -- Found ament_cmake_ros: 0.9.2 (/opt/ros/foxy/share/ament_cmake_ros/cmake)
[1.362s] -- Using all available rosidl_typesupport_c: rosidl_typesupport_fastrtps_c;rosidl_typesupport_introspection_c
[1.378s] -- Using all available rosidl_typesupport_cpp: rosidl_typesupport_fastrtps_cpp;rosidl_typesupport_introspection_cpp
[1.395s] -- Found PythonInterp: /usr/bin/python3 (found suitable version "3.8.10", minimum required is "3.5") 
[1.396s] -- Found python_cmake_module: 0.8.1 (/opt/ros/foxy/share/python_cmake_module/cmake)
[1.412s] -- Found PythonLibs: /usr/lib/x86_64-linux-gnu/libpython3.8.so (found suitable version "3.8.10", minimum required is "3.5") 
[1.412s] -- Using PYTHON_EXECUTABLE: /usr/bin/python3
[1.412s] -- Using PYTHON_INCLUDE_DIRS: /usr/include/python3.8
[1.413s] -- Using PYTHON_LIBRARIES: /usr/lib/x86_64-linux-gnu/libpython3.8.so
[1.426s] -- Found PythonExtra: .so  
[1.467s] -- Configuring done
[1.524s] -- Generating done
[1.526s] -- Build files have been written to: /root/dev_ws/build/turtlesim
[1.535s] Invoked command in '/root/dev_ws/build/turtlesim' returned '0': CMAKE_PREFIX_PATH=/opt/ros/foxy /usr/bin/cmake /root/dev_ws/src/ros_tutorials/turtlesim -DCMAKE_INSTALL_PREFIX=/root/dev_ws/install/turtlesim
[1.537s] Invoking command in '/root/dev_ws/build/turtlesim': CMAKE_PREFIX_PATH=/opt/ros/foxy /usr/bin/cmake --build /root/dev_ws/build/turtlesim -- -j16 -l16
[1.567s] [35m[1mScanning dependencies of target turtlesim__cpp[0m
[1.567s] [  1%] [34m[1mGenerating C code for ROS interfaces[0m
[1.574s] [  2%] [34m[1mGenerating C++ code for ROS interfaces[0m
[2.241s] [  2%] Built target turtlesim__cpp
[2.249s] [  4%] [34m[1mGenerating C++ type support for eProsima Fast-RTPS[0m
[2.249s] [  4%] [34m[1mGenerating C++ introspection for ROS interfaces[0m
[2.249s] [  5%] [34m[1mGenerating C++ type support dispatch for ROS interfaces[0m
[2.280s] [35m[1mScanning dependencies of target turtlesim__rosidl_generator_c[0m
[2.291s] [  7%] [32mBuilding C object CMakeFiles/turtlesim__rosidl_generator_c.dir/rosidl_generator_c/turtlesim/action/detail/rotate_absolute__functions.c.o[0m
[2.291s] [  7%] [32mBuilding C object CMakeFiles/turtlesim__rosidl_generator_c.dir/rosidl_generator_c/turtlesim/msg/detail/color__functions.c.o[0m
[2.292s] [  8%] [32mBuilding C object CMakeFiles/turtlesim__rosidl_generator_c.dir/rosidl_generator_c/turtlesim/msg/detail/pose__functions.c.o[0m
[2.292s] [  9%] [32mBuilding C object CMakeFiles/turtlesim__rosidl_generator_c.dir/rosidl_generator_c/turtlesim/srv/detail/kill__functions.c.o[0m
[2.293s] [ 10%] [32mBuilding C object CMakeFiles/turtlesim__rosidl_generator_c.dir/rosidl_generator_c/turtlesim/srv/detail/set_pen__functions.c.o[0m
[2.293s] [ 12%] [32mBuilding C object CMakeFiles/turtlesim__rosidl_generator_c.dir/rosidl_generator_c/turtlesim/srv/detail/teleport_absolute__functions.c.o[0m
[2.293s] [ 12%] [32mBuilding C object CMakeFiles/turtlesim__rosidl_generator_c.dir/rosidl_generator_c/turtlesim/srv/detail/spawn__functions.c.o[0m
[2.293s] [ 13%] [32mBuilding C object CMakeFiles/turtlesim__rosidl_generator_c.dir/rosidl_generator_c/turtlesim/srv/detail/teleport_relative__functions.c.o[0m
[2.355s] [ 14%] [32m[1mLinking C shared library libturtlesim__rosidl_generator_c.so[0m
[2.381s] [ 14%] Built target turtlesim__rosidl_generator_c
[2.387s] [ 15%] [34m[1mGenerating C type support dispatch for ROS interfaces[0m
[2.388s] [ 16%] [34m[1mGenerating C introspection for ROS interfaces[0m
[2.691s] [35m[1mScanning dependencies of target turtlesim__rosidl_typesupport_cpp[0m
[2.705s] [ 17%] [32mBuilding CXX object CMakeFiles/turtlesim__rosidl_typesupport_cpp.dir/rosidl_typesupport_cpp/turtlesim/srv/kill__type_support.cpp.o[0m
[2.705s] [ 18%] [32mBuilding CXX object CMakeFiles/turtlesim__rosidl_typesupport_cpp.dir/rosidl_typesupport_cpp/turtlesim/msg/pose__type_support.cpp.o[0m
[2.705s] [ 19%] [32mBuilding CXX object CMakeFiles/turtlesim__rosidl_typesupport_cpp.dir/rosidl_typesupport_cpp/turtlesim/action/rotate_absolute__type_support.cpp.o[0m
[2.706s] [ 20%] [32mBuilding CXX object CMakeFiles/turtlesim__rosidl_typesupport_cpp.dir/rosidl_typesupport_cpp/turtlesim/msg/color__type_support.cpp.o[0m
[2.706s] [ 21%] [32mBuilding CXX object CMakeFiles/turtlesim__rosidl_typesupport_cpp.dir/rosidl_typesupport_cpp/turtlesim/srv/spawn__type_support.cpp.o[0m
[2.706s] [ 22%] [32mBuilding CXX object CMakeFiles/turtlesim__rosidl_typesupport_cpp.dir/rosidl_typesupport_cpp/turtlesim/srv/teleport_absolute__type_support.cpp.o[0m
[2.706s] [ 23%] [32mBuilding CXX object CMakeFiles/turtlesim__rosidl_typesupport_cpp.dir/rosidl_typesupport_cpp/turtlesim/srv/set_pen__type_support.cpp.o[0m
[2.707s] [ 24%] [32mBuilding CXX object CMakeFiles/turtlesim__rosidl_typesupport_cpp.dir/rosidl_typesupport_cpp/turtlesim/srv/teleport_relative__type_support.cpp.o[0m
[2.823s] [35m[1mScanning dependencies of target turtlesim__rosidl_typesupport_c[0m
[2.838s] [ 27%] [32mBuilding CXX object CMakeFiles/turtlesim__rosidl_typesupport_c.dir/rosidl_typesupport_c/turtlesim/msg/color__type_support.cpp.o[0m
[2.838s] [ 27%] [32mBuilding CXX object CMakeFiles/turtlesim__rosidl_typesupport_c.dir/rosidl_typesupport_c/turtlesim/action/rotate_absolute__type_support.cpp.o[0m
[2.838s] [ 27%] [32mBuilding CXX object CMakeFiles/turtlesim__rosidl_typesupport_c.dir/rosidl_typesupport_c/turtlesim/srv/kill__type_support.cpp.o[0m
[2.839s] [ 28%] [32mBuilding CXX object CMakeFiles/turtlesim__rosidl_typesupport_c.dir/rosidl_typesupport_c/turtlesim/msg/pose__type_support.cpp.o[0m
[2.851s] [ 29%] [32mBuilding CXX object CMakeFiles/turtlesim__rosidl_typesupport_c.dir/rosidl_typesupport_c/turtlesim/srv/set_pen__type_support.cpp.o[0m
[2.877s] [ 30%] [32mBuilding CXX object CMakeFiles/turtlesim__rosidl_typesupport_c.dir/rosidl_typesupport_c/turtlesim/srv/spawn__type_support.cpp.o[0m
[2.886s] [ 31%] [32mBuilding CXX object CMakeFiles/turtlesim__rosidl_typesupport_c.dir/rosidl_typesupport_c/turtlesim/srv/teleport_absolute__type_support.cpp.o[0m
[2.891s] [ 32%] [32mBuilding CXX object CMakeFiles/turtlesim__rosidl_typesupport_c.dir/rosidl_typesupport_c/turtlesim/srv/teleport_relative__type_support.cpp.o[0m
[2.926s] [35m[1mScanning dependencies of target turtlesim__rosidl_typesupport_introspection_cpp[0m
[2.933s] [ 33%] [32m[1mLinking CXX shared library libturtlesim__rosidl_typesupport_c.so[0m
[2.947s] [ 34%] [32mBuilding CXX object CMakeFiles/turtlesim__rosidl_typesupport_introspection_cpp.dir/rosidl_typesupport_introspection_cpp/turtlesim/action/detail/rotate_absolute__type_support.cpp.o[0m
[2.947s] [ 35%] [32mBuilding CXX object CMakeFiles/turtlesim__rosidl_typesupport_introspection_cpp.dir/rosidl_typesupport_introspection_cpp/turtlesim/msg/detail/pose__type_support.cpp.o[0m
[2.948s] [ 36%] [32mBuilding CXX object CMakeFiles/turtlesim__rosidl_typesupport_introspection_cpp.dir/rosidl_typesupport_introspection_cpp/turtlesim/srv/detail/set_pen__type_support.cpp.o[0m
[2.948s] [ 37%] [32mBuilding CXX object CMakeFiles/turtlesim__rosidl_typesupport_introspection_cpp.dir/rosidl_typesupport_introspection_cpp/turtlesim/srv/detail/kill__type_support.cpp.o[0m
[2.948s] [ 38%] [32mBuilding CXX object CMakeFiles/turtlesim__rosidl_typesupport_introspection_cpp.dir/rosidl_typesupport_introspection_cpp/turtlesim/srv/detail/spawn__type_support.cpp.o[0m
[2.949s] [ 39%] [32mBuilding CXX object CMakeFiles/turtlesim__rosidl_typesupport_introspection_cpp.dir/rosidl_typesupport_introspection_cpp/turtlesim/msg/detail/color__type_support.cpp.o[0m
[2.993s] [ 39%] Built target turtlesim__rosidl_typesupport_c
[2.999s] [ 41%] [32mBuilding CXX object CMakeFiles/turtlesim__rosidl_typesupport_introspection_cpp.dir/rosidl_typesupport_introspection_cpp/turtlesim/srv/detail/teleport_absolute__type_support.cpp.o[0m
[2.999s] [ 41%] [32mBuilding CXX object CMakeFiles/turtlesim__rosidl_typesupport_introspection_cpp.dir/rosidl_typesupport_introspection_cpp/turtlesim/srv/detail/teleport_relative__type_support.cpp.o[0m
[3.029s] [35m[1mScanning dependencies of target turtlesim__rosidl_typesupport_fastrtps_cpp[0m
[3.039s] [ 42%] [32m[1mLinking CXX shared library libturtlesim__rosidl_typesupport_cpp.so[0m
[3.061s] [ 43%] [32mBuilding CXX object CMakeFiles/turtlesim__rosidl_typesupport_fastrtps_cpp.dir/rosidl_typesupport_fastrtps_cpp/turtlesim/msg/detail/dds_fastrtps/color__type_support.cpp.o[0m
[3.064s] [ 44%] [32mBuilding CXX object CMakeFiles/turtlesim__rosidl_typesupport_fastrtps_cpp.dir/rosidl_typesupport_fastrtps_cpp/turtlesim/action/detail/dds_fastrtps/rotate_absolute__type_support.cpp.o[0m
[3.072s] [ 45%] [32mBuilding CXX object CMakeFiles/turtlesim__rosidl_typesupport_fastrtps_cpp.dir/rosidl_typesupport_fastrtps_cpp/turtlesim/msg/detail/dds_fastrtps/pose__type_support.cpp.o[0m
[3.082s] [ 45%] Built target turtlesim__rosidl_typesupport_cpp
[3.091s] [ 46%] [32mBuilding CXX object CMakeFiles/turtlesim__rosidl_typesupport_fastrtps_cpp.dir/rosidl_typesupport_fastrtps_cpp/turtlesim/srv/detail/dds_fastrtps/kill__type_support.cpp.o[0m
[3.107s] [ 47%] [32mBuilding CXX object CMakeFiles/turtlesim__rosidl_typesupport_fastrtps_cpp.dir/rosidl_typesupport_fastrtps_cpp/turtlesim/srv/detail/dds_fastrtps/spawn__type_support.cpp.o[0m
[3.111s] [ 48%] [32mBuilding CXX object CMakeFiles/turtlesim__rosidl_typesupport_fastrtps_cpp.dir/rosidl_typesupport_fastrtps_cpp/turtlesim/srv/detail/dds_fastrtps/teleport_absolute__type_support.cpp.o[0m
[3.121s] [ 49%] [32mBuilding CXX object CMakeFiles/turtlesim__rosidl_typesupport_fastrtps_cpp.dir/rosidl_typesupport_fastrtps_cpp/turtlesim/srv/detail/dds_fastrtps/set_pen__type_support.cpp.o[0m
[3.123s] [35m[1mScanning dependencies of target turtlesim__rosidl_typesupport_introspection_c[0m
[3.179s] [ 50%] [32mBuilding C object CMakeFiles/turtlesim__rosidl_typesupport_introspection_c.dir/rosidl_typesupport_introspection_c/turtlesim/action/detail/rotate_absolute__type_support.c.o[0m
[3.258s] [ 51%] [32mBuilding C object CMakeFiles/turtlesim__rosidl_typesupport_introspection_c.dir/rosidl_typesupport_introspection_c/turtlesim/msg/detail/color__type_support.c.o[0m
[3.260s] [ 53%] [32mBuilding C object CMakeFiles/turtlesim__rosidl_typesupport_introspection_c.dir/rosidl_typesupport_introspection_c/turtlesim/msg/detail/pose__type_support.c.o[0m
[3.260s] [ 53%] [32mBuilding CXX object CMakeFiles/turtlesim__rosidl_typesupport_fastrtps_cpp.dir/rosidl_typesupport_fastrtps_cpp/turtlesim/srv/detail/dds_fastrtps/teleport_relative__type_support.cpp.o[0m
[3.274s] [ 54%] [32mBuilding C object CMakeFiles/turtlesim__rosidl_typesupport_introspection_c.dir/rosidl_typesupport_introspection_c/turtlesim/srv/detail/kill__type_support.c.o[0m
[3.290s] [ 55%] [32mBuilding C object CMakeFiles/turtlesim__rosidl_typesupport_introspection_c.dir/rosidl_typesupport_introspection_c/turtlesim/srv/detail/set_pen__type_support.c.o[0m
[3.293s] [ 56%] [32mBuilding C object CMakeFiles/turtlesim__rosidl_typesupport_introspection_c.dir/rosidl_typesupport_introspection_c/turtlesim/srv/detail/spawn__type_support.c.o[0m
[3.299s] [ 57%] [32mBuilding C object CMakeFiles/turtlesim__rosidl_typesupport_introspection_c.dir/rosidl_typesupport_introspection_c/turtlesim/srv/detail/teleport_absolute__type_support.c.o[0m
[3.309s] [ 58%] [32mBuilding C object CMakeFiles/turtlesim__rosidl_typesupport_introspection_c.dir/rosidl_typesupport_introspection_c/turtlesim/srv/detail/teleport_relative__type_support.c.o[0m
[3.315s] [ 59%] [32m[1mLinking CXX shared library libturtlesim__rosidl_typesupport_introspection_cpp.so[0m
[3.336s] [ 60%] [32m[1mLinking C shared library libturtlesim__rosidl_typesupport_introspection_c.so[0m
[3.368s] [ 60%] Built target turtlesim__rosidl_typesupport_introspection_c
[3.379s] [ 60%] Built target turtlesim__rosidl_typesupport_introspection_cpp
[3.578s] [ 61%] [32m[1mLinking CXX shared library libturtlesim__rosidl_typesupport_fastrtps_cpp.so[0m
[3.634s] [ 61%] Built target turtlesim__rosidl_typesupport_fastrtps_cpp
[3.641s] [ 62%] [34m[1mGenerating C type support for eProsima Fast-RTPS[0m
[4.239s] [35m[1mScanning dependencies of target turtlesim__rosidl_typesupport_fastrtps_c[0m
[4.261s] [ 63%] [32mBuilding CXX object CMakeFiles/turtlesim__rosidl_typesupport_fastrtps_c.dir/rosidl_typesupport_fastrtps_c/turtlesim/msg/detail/color__type_support_c.cpp.o[0m
[4.261s] [ 64%] [32mBuilding CXX object CMakeFiles/turtlesim__rosidl_typesupport_fastrtps_c.dir/rosidl_typesupport_fastrtps_c/turtlesim/msg/detail/pose__type_support_c.cpp.o[0m
[4.261s] [ 65%] [32mBuilding CXX object CMakeFiles/turtlesim__rosidl_typesupport_fastrtps_c.dir/rosidl_typesupport_fastrtps_c/turtlesim/srv/detail/kill__type_support_c.cpp.o[0m
[4.261s] [ 66%] [32mBuilding CXX object CMakeFiles/turtlesim__rosidl_typesupport_fastrtps_c.dir/rosidl_typesupport_fastrtps_c/turtlesim/srv/detail/set_pen__type_support_c.cpp.o[0m
[4.261s] [ 68%] [32mBuilding CXX object CMakeFiles/turtlesim__rosidl_typesupport_fastrtps_c.dir/rosidl_typesupport_fastrtps_c/turtlesim/srv/detail/spawn__type_support_c.cpp.o[0m
[4.261s] [ 68%] [32mBuilding CXX object CMakeFiles/turtlesim__rosidl_typesupport_fastrtps_c.dir/rosidl_typesupport_fastrtps_c/turtlesim/action/detail/rotate_absolute__type_support_c.cpp.o[0m
[4.261s] [ 69%] [32mBuilding CXX object CMakeFiles/turtlesim__rosidl_typesupport_fastrtps_c.dir/rosidl_typesupport_fastrtps_c/turtlesim/srv/detail/teleport_absolute__type_support_c.cpp.o[0m
[4.263s] [ 70%] [32mBuilding CXX object CMakeFiles/turtlesim__rosidl_typesupport_fastrtps_c.dir/rosidl_typesupport_fastrtps_c/turtlesim/srv/detail/teleport_relative__type_support_c.cpp.o[0m
[4.529s] [ 71%] [32m[1mLinking CXX shared library libturtlesim__rosidl_typesupport_fastrtps_c.so[0m
[4.593s] [ 71%] Built target turtlesim__rosidl_typesupport_fastrtps_c
[4.599s] [35m[1mScanning dependencies of target turtlesim[0m
[4.605s] [ 71%] Built target turtlesim
[4.611s] [35m[1mScanning dependencies of target mimic[0m
[4.611s] [35m[1mScanning dependencies of target draw_square[0m
[4.611s] [35m[1mScanning dependencies of target turtlesim__py[0m
[4.611s] [35m[1mScanning dependencies of target turtle_teleop_key[0m
[4.612s] [ 72%] [34m[1mGenerating include/turtlesim/moc_turtle_frame.cpp[0m
[4.618s] [ 73%] [34m[1mGenerating Python code for ROS interfaces[0m
[4.646s] [ 74%] [32mBuilding CXX object CMakeFiles/mimic.dir/tutorials/mimic.cpp.o[0m
[4.646s] [ 75%] [32mBuilding CXX object CMakeFiles/draw_square.dir/tutorials/draw_square.cpp.o[0m
[4.649s] [ 76%] [32mBuilding CXX object CMakeFiles/turtle_teleop_key.dir/tutorials/teleop_turtle_key.cpp.o[0m
[4.658s] [35m[1mScanning dependencies of target turtlesim_node[0m
[4.720s] [ 78%] [32mBuilding CXX object CMakeFiles/turtlesim_node.dir/src/turtlesim.cpp.o[0m
[4.721s] [ 78%] [32mBuilding CXX object CMakeFiles/turtlesim_node.dir/src/turtle.cpp.o[0m
[4.722s] [ 80%] [32mBuilding CXX object CMakeFiles/turtlesim_node.dir/src/turtle_frame.cpp.o[0m
[4.722s] [ 80%] [32mBuilding CXX object CMakeFiles/turtlesim_node.dir/include/turtlesim/moc_turtle_frame.cpp.o[0m
[6.250s] [ 80%] Built target turtlesim__py
[6.258s] [35m[1mScanning dependencies of target turtlesim__python[0m
[6.290s] [ 84%] [32mBuilding C object CMakeFiles/turtlesim__python.dir/rosidl_generator_py/turtlesim/srv/_kill_s.c.o[0m
[6.291s] [ 84%] [32mBuilding C object CMakeFiles/turtlesim__python.dir/rosidl_generator_py/turtlesim/msg/_pose_s.c.o[0m
[6.291s] [ 84%] [32mBuilding C object CMakeFiles/turtlesim__python.dir/rosidl_generator_py/turtlesim/msg/_color_s.c.o[0m
[6.291s] [ 84%] [32mBuilding C object CMakeFiles/turtlesim__python.dir/rosidl_generator_py/turtlesim/action/_rotate_absolute_s.c.o[0m
[6.291s] [ 86%] [32mBuilding C object CMakeFiles/turtlesim__python.dir/rosidl_generator_py/turtlesim/srv/_spawn_s.c.o[0m
[6.291s] [ 86%] [32mBuilding C object CMakeFiles/turtlesim__python.dir/rosidl_generator_py/turtlesim/srv/_set_pen_s.c.o[0m
[6.291s] [ 87%] [32mBuilding C object CMakeFiles/turtlesim__python.dir/rosidl_generator_py/turtlesim/srv/_teleport_absolute_s.c.o[0m
[6.291s] [ 88%] [32mBuilding C object CMakeFiles/turtlesim__python.dir/rosidl_generator_py/turtlesim/srv/_teleport_relative_s.c.o[0m
[6.432s] [ 89%] [32m[1mLinking C shared library rosidl_generator_py/turtlesim/libturtlesim__python.so[0m
[6.467s] [ 89%] Built target turtlesim__python
[6.475s] [35m[1mScanning dependencies of target turtlesim__rosidl_typesupport_fastrtps_c__pyext[0m
[6.476s] [35m[1mScanning dependencies of target turtlesim__rosidl_typesupport_introspection_c__pyext[0m
[6.477s] [35m[1mScanning dependencies of target turtlesim__rosidl_typesupport_c__pyext[0m
[6.494s] [ 90%] [32mBuilding C object CMakeFiles/turtlesim__rosidl_typesupport_fastrtps_c__pyext.dir/rosidl_generator_py/turtlesim/_turtlesim_s.ep.rosidl_typesupport_fastrtps_c.c.o[0m
[6.499s] [ 92%] [32mBuilding C object CMakeFiles/turtlesim__rosidl_typesupport_introspection_c__pyext.dir/rosidl_generator_py/turtlesim/_turtlesim_s.ep.rosidl_typesupport_introspection_c.c.o[0m
[6.499s] [ 92%] [32mBuilding C object CMakeFiles/turtlesim__rosidl_typesupport_c__pyext.dir/rosidl_generator_py/turtlesim/_turtlesim_s.ep.rosidl_typesupport_c.c.o[0m
[6.652s] [ 93%] [32m[1mLinking C shared library rosidl_generator_py/turtlesim/turtlesim_s__rosidl_typesupport_c.cpython-38-x86_64-linux-gnu.so[0m
[6.654s] [ 94%] [32m[1mLinking CXX shared library rosidl_generator_py/turtlesim/turtlesim_s__rosidl_typesupport_fastrtps_c.cpython-38-x86_64-linux-gnu.so[0m
[6.657s] [ 95%] [32m[1mLinking C shared library rosidl_generator_py/turtlesim/turtlesim_s__rosidl_typesupport_introspection_c.cpython-38-x86_64-linux-gnu.so[0m
[6.693s] [ 95%] Built target turtlesim__rosidl_typesupport_c__pyext
[6.695s] [ 95%] Built target turtlesim__rosidl_typesupport_introspection_c__pyext
[6.730s] [ 95%] Built target turtlesim__rosidl_typesupport_fastrtps_c__pyext
[7.603s] [ 96%] [32m[1mLinking CXX executable turtle_teleop_key[0m
[7.752s] [ 96%] Built target turtle_teleop_key
[8.239s] [ 97%] [32m[1mLinking CXX executable mimic[0m
[8.402s] [ 97%] Built target mimic
[8.587s] [ 98%] [32m[1mLinking CXX executable draw_square[0m
[8.763s] [ 98%] Built target draw_square
[10.029s] [100%] [32m[1mLinking CXX executable turtlesim_node[0m
[10.783s] [100%] Built target turtlesim_node
[10.792s] Invoked command in '/root/dev_ws/build/turtlesim' returned '0': CMAKE_PREFIX_PATH=/opt/ros/foxy /usr/bin/cmake --build /root/dev_ws/build/turtlesim -- -j16 -l16
[10.905s] Invoking command in '/root/dev_ws/build/turtlesim': CMAKE_PREFIX_PATH=/opt/ros/foxy /usr/bin/cmake --install /root/dev_ws/build/turtlesim
[10.910s] -- Install configuration: ""
[10.910s] -- Installing: /root/dev_ws/install/turtlesim/share/ament_index/resource_index/rosidl_interfaces/turtlesim
[10.910s] -- Installing: /root/dev_ws/install/turtlesim/include/turtlesim
[10.910s] -- Installing: /root/dev_ws/install/turtlesim/include/turtlesim/msg
[10.911s] -- Installing: /root/dev_ws/install/turtlesim/include/turtlesim/msg/pose.h
[10.911s] -- Installing: /root/dev_ws/install/turtlesim/include/turtlesim/msg/detail
[10.911s] -- Installing: /root/dev_ws/install/turtlesim/include/turtlesim/msg/detail/color__functions.c
[10.911s] -- Installing: /root/dev_ws/install/turtlesim/include/turtlesim/msg/detail/pose__functions.c
[10.911s] -- Installing: /root/dev_ws/install/turtlesim/include/turtlesim/msg/detail/pose__type_support.h
[10.911s] -- Installing: /root/dev_ws/install/turtlesim/include/turtlesim/msg/detail/color__type_support.h
[10.911s] -- Installing: /root/dev_ws/install/turtlesim/include/turtlesim/msg/detail/pose__struct.h
[10.911s] -- Installing: /root/dev_ws/install/turtlesim/include/turtlesim/msg/detail/color__struct.h
[10.911s] -- Installing: /root/dev_ws/install/turtlesim/include/turtlesim/msg/detail/color__functions.h
[10.911s] -- Installing: /root/dev_ws/install/turtlesim/include/turtlesim/msg/detail/pose__functions.h
[10.911s] -- Installing: /root/dev_ws/install/turtlesim/include/turtlesim/msg/rosidl_generator_c__visibility_control.h
[10.912s] -- Installing: /root/dev_ws/install/turtlesim/include/turtlesim/msg/color.h
[10.912s] -- Installing: /root/dev_ws/install/turtlesim/include/turtlesim/srv
[10.912s] -- Installing: /root/dev_ws/install/turtlesim/include/turtlesim/srv/teleport_relative.h
[10.912s] -- Installing: /root/dev_ws/install/turtlesim/include/turtlesim/srv/detail
[10.912s] -- Installing: /root/dev_ws/install/turtlesim/include/turtlesim/srv/detail/spawn__type_support.h
[10.912s] -- Installing: /root/dev_ws/install/turtlesim/include/turtlesim/srv/detail/set_pen__functions.h
[10.912s] -- Installing: /root/dev_ws/install/turtlesim/include/turtlesim/srv/detail/kill__functions.h
[10.912s] -- Installing: /root/dev_ws/install/turtlesim/include/turtlesim/srv/detail/set_pen__functions.c
[10.912s] -- Installing: /root/dev_ws/install/turtlesim/include/turtlesim/srv/detail/set_pen__struct.h
[10.912s] -- Installing: /root/dev_ws/install/turtlesim/include/turtlesim/srv/detail/teleport_absolute__functions.h
[10.912s] -- Installing: /root/dev_ws/install/turtlesim/include/turtlesim/srv/detail/set_pen__type_support.h
[10.912s] -- Installing: /root/dev_ws/install/turtlesim/include/turtlesim/srv/detail/spawn__struct.h
[10.912s] -- Installing: /root/dev_ws/install/turtlesim/include/turtlesim/srv/detail/teleport_relative__functions.c
[10.912s] -- Installing: /root/dev_ws/install/turtlesim/include/turtlesim/srv/detail/teleport_absolute__type_support.h
[10.912s] -- Installing: /root/dev_ws/install/turtlesim/include/turtlesim/srv/detail/teleport_relative__type_support.h
[10.912s] -- Installing: /root/dev_ws/install/turtlesim/include/turtlesim/srv/detail/teleport_absolute__functions.c
[10.913s] -- Installing: /root/dev_ws/install/turtlesim/include/turtlesim/srv/detail/teleport_relative__struct.h
[10.913s] -- Installing: /root/dev_ws/install/turtlesim/include/turtlesim/srv/detail/kill__type_support.h
[10.913s] -- Installing: /root/dev_ws/install/turtlesim/include/turtlesim/srv/detail/kill__functions.c
[10.913s] -- Installing: /root/dev_ws/install/turtlesim/include/turtlesim/srv/detail/spawn__functions.h
[10.913s] -- Installing: /root/dev_ws/install/turtlesim/include/turtlesim/srv/detail/kill__struct.h
[10.913s] -- Installing: /root/dev_ws/install/turtlesim/include/turtlesim/srv/detail/teleport_relative__functions.h
[10.913s] -- Installing: /root/dev_ws/install/turtlesim/include/turtlesim/srv/detail/spawn__functions.c
[10.913s] -- Installing: /root/dev_ws/install/turtlesim/include/turtlesim/srv/detail/teleport_absolute__struct.h
[10.913s] -- Installing: /root/dev_ws/install/turtlesim/include/turtlesim/srv/kill.h
[10.913s] -- Installing: /root/dev_ws/install/turtlesim/include/turtlesim/srv/set_pen.h
[10.913s] -- Installing: /root/dev_ws/install/turtlesim/include/turtlesim/srv/spawn.h
[10.913s] -- Installing: /root/dev_ws/install/turtlesim/include/turtlesim/srv/teleport_absolute.h
[10.913s] -- Installing: /root/dev_ws/install/turtlesim/include/turtlesim/action
[10.913s] -- Installing: /root/dev_ws/install/turtlesim/include/turtlesim/action/detail
[10.913s] -- Installing: /root/dev_ws/install/turtlesim/include/turtlesim/action/detail/rotate_absolute__functions.c
[10.913s] -- Installing: /root/dev_ws/install/turtlesim/include/turtlesim/action/detail/rotate_absolute__functions.h
[10.913s] -- Installing: /root/dev_ws/install/turtlesim/include/turtlesim/action/detail/rotate_absolute__type_support.h
[10.913s] -- Installing: /root/dev_ws/install/turtlesim/include/turtlesim/action/detail/rotate_absolute__struct.h
[10.914s] -- Installing: /root/dev_ws/install/turtlesim/include/turtlesim/action/rotate_absolute.h
[10.914s] -- Installing: /root/dev_ws/install/turtlesim/share/turtlesim/environment/library_path.sh
[10.914s] -- Installing: /root/dev_ws/install/turtlesim/share/turtlesim/environment/library_path.dsv
[10.914s] -- Installing: /root/dev_ws/install/turtlesim/lib/libturtlesim__rosidl_generator_c.so
[10.914s] -- Set runtime path of "/root/dev_ws/install/turtlesim/lib/libturtlesim__rosidl_generator_c.so" to ""
[10.914s] -- Up-to-date: /root/dev_ws/install/turtlesim/include/turtlesim
[10.914s] -- Up-to-date: /root/dev_ws/install/turtlesim/include/turtlesim/msg
[10.914s] -- Up-to-date: /root/dev_ws/install/turtlesim/include/turtlesim/msg/detail
[10.914s] -- Installing: /root/dev_ws/install/turtlesim/include/turtlesim/msg/detail/pose__rosidl_typesupport_fastrtps_c.h
[10.914s] -- Installing: /root/dev_ws/install/turtlesim/include/turtlesim/msg/detail/color__rosidl_typesupport_fastrtps_c.h
[10.914s] -- Installing: /root/dev_ws/install/turtlesim/include/turtlesim/msg/rosidl_typesupport_fastrtps_c__visibility_control.h
[10.914s] -- Up-to-date: /root/dev_ws/install/turtlesim/include/turtlesim/srv
[10.914s] -- Up-to-date: /root/dev_ws/install/turtlesim/include/turtlesim/srv/detail
[10.914s] -- Installing: /root/dev_ws/install/turtlesim/include/turtlesim/srv/detail/kill__rosidl_typesupport_fastrtps_c.h
[10.914s] -- Installing: /root/dev_ws/install/turtlesim/include/turtlesim/srv/detail/spawn__rosidl_typesupport_fastrtps_c.h
[10.915s] -- Installing: /root/dev_ws/install/turtlesim/include/turtlesim/srv/detail/teleport_absolute__rosidl_typesupport_fastrtps_c.h
[10.915s] -- Installing: /root/dev_ws/install/turtlesim/include/turtlesim/srv/detail/teleport_relative__rosidl_typesupport_fastrtps_c.h
[10.915s] -- Installing: /root/dev_ws/install/turtlesim/include/turtlesim/srv/detail/set_pen__rosidl_typesupport_fastrtps_c.h
[10.915s] -- Up-to-date: /root/dev_ws/install/turtlesim/include/turtlesim/action
[10.915s] -- Up-to-date: /root/dev_ws/install/turtlesim/include/turtlesim/action/detail
[10.915s] -- Installing: /root/dev_ws/install/turtlesim/include/turtlesim/action/detail/rotate_absolute__rosidl_typesupport_fastrtps_c.h
[10.915s] -- Installing: /root/dev_ws/install/turtlesim/lib/libturtlesim__rosidl_typesupport_fastrtps_c.so
[10.915s] -- Set runtime path of "/root/dev_ws/install/turtlesim/lib/libturtlesim__rosidl_typesupport_fastrtps_c.so" to ""
[10.915s] -- Up-to-date: /root/dev_ws/install/turtlesim/include/turtlesim
[10.915s] -- Up-to-date: /root/dev_ws/install/turtlesim/include/turtlesim/msg
[10.915s] -- Up-to-date: /root/dev_ws/install/turtlesim/include/turtlesim/msg/detail
[10.915s] -- Installing: /root/dev_ws/install/turtlesim/include/turtlesim/msg/detail/color__rosidl_typesupport_fastrtps_cpp.hpp
[10.915s] -- Installing: /root/dev_ws/install/turtlesim/include/turtlesim/msg/detail/pose__rosidl_typesupport_fastrtps_cpp.hpp
[10.915s] -- Installing: /root/dev_ws/install/turtlesim/include/turtlesim/msg/detail/dds_fastrtps
[10.915s] -- Installing: /root/dev_ws/install/turtlesim/include/turtlesim/msg/rosidl_typesupport_fastrtps_cpp__visibility_control.h
[10.915s] -- Up-to-date: /root/dev_ws/install/turtlesim/include/turtlesim/srv
[10.915s] -- Up-to-date: /root/dev_ws/install/turtlesim/include/turtlesim/srv/detail
[10.916s] -- Installing: /root/dev_ws/install/turtlesim/include/turtlesim/srv/detail/spawn__rosidl_typesupport_fastrtps_cpp.hpp
[10.916s] -- Installing: /root/dev_ws/install/turtlesim/include/turtlesim/srv/detail/set_pen__rosidl_typesupport_fastrtps_cpp.hpp
[10.916s] -- Installing: /root/dev_ws/install/turtlesim/include/turtlesim/srv/detail/teleport_relative__rosidl_typesupport_fastrtps_cpp.hpp
[10.916s] -- Installing: /root/dev_ws/install/turtlesim/include/turtlesim/srv/detail/teleport_absolute__rosidl_typesupport_fastrtps_cpp.hpp
[10.916s] -- Installing: /root/dev_ws/install/turtlesim/include/turtlesim/srv/detail/dds_fastrtps
[10.916s] -- Installing: /root/dev_ws/install/turtlesim/include/turtlesim/srv/detail/kill__rosidl_typesupport_fastrtps_cpp.hpp
[10.916s] -- Up-to-date: /root/dev_ws/install/turtlesim/include/turtlesim/action
[10.916s] -- Up-to-date: /root/dev_ws/install/turtlesim/include/turtlesim/action/detail
[10.916s] -- Installing: /root/dev_ws/install/turtlesim/include/turtlesim/action/detail/rotate_absolute__rosidl_typesupport_fastrtps_cpp.hpp
[10.916s] -- Installing: /root/dev_ws/install/turtlesim/include/turtlesim/action/detail/dds_fastrtps
[10.916s] -- Installing: /root/dev_ws/install/turtlesim/lib/libturtlesim__rosidl_typesupport_fastrtps_cpp.so
[10.916s] -- Set runtime path of "/root/dev_ws/install/turtlesim/lib/libturtlesim__rosidl_typesupport_fastrtps_cpp.so" to ""
[10.916s] -- Up-to-date: /root/dev_ws/install/turtlesim/include/turtlesim
[10.916s] -- Up-to-date: /root/dev_ws/install/turtlesim/include/turtlesim/msg
[10.916s] -- Up-to-date: /root/dev_ws/install/turtlesim/include/turtlesim/msg/detail
[10.916s] -- Installing: /root/dev_ws/install/turtlesim/include/turtlesim/msg/detail/color__type_support.c
[10.917s] -- Installing: /root/dev_ws/install/turtlesim/include/turtlesim/msg/detail/pose__type_support.c
[10.917s] -- Installing: /root/dev_ws/install/turtlesim/include/turtlesim/msg/detail/color__rosidl_typesupport_introspection_c.h
[10.917s] -- Installing: /root/dev_ws/install/turtlesim/include/turtlesim/msg/detail/pose__rosidl_typesupport_introspection_c.h
[10.917s] -- Installing: /root/dev_ws/install/turtlesim/include/turtlesim/msg/rosidl_typesupport_introspection_c__visibility_control.h
[10.917s] -- Up-to-date: /root/dev_ws/install/turtlesim/include/turtlesim/srv
[10.917s] -- Up-to-date: /root/dev_ws/install/turtlesim/include/turtlesim/srv/detail
[10.917s] -- Installing: /root/dev_ws/install/turtlesim/include/turtlesim/srv/detail/set_pen__type_support.c
[10.917s] -- Installing: /root/dev_ws/install/turtlesim/include/turtlesim/srv/detail/teleport_absolute__rosidl_typesupport_introspection_c.h
[10.917s] -- Installing: /root/dev_ws/install/turtlesim/include/turtlesim/srv/detail/spawn__type_support.c
[10.917s] -- Installing: /root/dev_ws/install/turtlesim/include/turtlesim/srv/detail/kill__rosidl_typesupport_introspection_c.h
[10.917s] -- Installing: /root/dev_ws/install/turtlesim/include/turtlesim/srv/detail/kill__type_support.c
[10.917s] -- Installing: /root/dev_ws/install/turtlesim/include/turtlesim/srv/detail/teleport_relative__rosidl_typesupport_introspection_c.h
[10.917s] -- Installing: /root/dev_ws/install/turtlesim/include/turtlesim/srv/detail/teleport_relative__type_support.c
[10.917s] -- Installing: /root/dev_ws/install/turtlesim/include/turtlesim/srv/detail/spawn__rosidl_typesupport_introspection_c.h
[10.917s] -- Installing: /root/dev_ws/install/turtlesim/include/turtlesim/srv/detail/teleport_absolute__type_support.c
[10.917s] -- Installing: /root/dev_ws/install/turtlesim/include/turtlesim/srv/detail/set_pen__rosidl_typesupport_introspection_c.h
[10.917s] -- Up-to-date: /root/dev_ws/install/turtlesim/include/turtlesim/action
[10.917s] -- Up-to-date: /root/dev_ws/install/turtlesim/include/turtlesim/action/detail
[10.917s] -- Installing: /root/dev_ws/install/turtlesim/include/turtlesim/action/detail/rotate_absolute__type_support.c
[10.918s] -- Installing: /root/dev_ws/install/turtlesim/include/turtlesim/action/detail/rotate_absolute__rosidl_typesupport_introspection_c.h
[10.918s] -- Installing: /root/dev_ws/install/turtlesim/lib/libturtlesim__rosidl_typesupport_introspection_c.so
[10.918s] -- Set runtime path of "/root/dev_ws/install/turtlesim/lib/libturtlesim__rosidl_typesupport_introspection_c.so" to ""
[10.918s] -- Installing: /root/dev_ws/install/turtlesim/lib/libturtlesim__rosidl_typesupport_c.so
[10.918s] -- Set runtime path of "/root/dev_ws/install/turtlesim/lib/libturtlesim__rosidl_typesupport_c.so" to ""
[10.918s] -- Up-to-date: /root/dev_ws/install/turtlesim/include/turtlesim
[10.918s] -- Up-to-date: /root/dev_ws/install/turtlesim/include/turtlesim/msg
[10.918s] -- Installing: /root/dev_ws/install/turtlesim/include/turtlesim/msg/pose.hpp
[10.918s] -- Up-to-date: /root/dev_ws/install/turtlesim/include/turtlesim/msg/detail
[10.918s] -- Installing: /root/dev_ws/install/turtlesim/include/turtlesim/msg/detail/color__traits.hpp
[10.918s] -- Installing: /root/dev_ws/install/turtlesim/include/turtlesim/msg/detail/pose__builder.hpp
[10.918s] -- Installing: /root/dev_ws/install/turtlesim/include/turtlesim/msg/detail/pose__traits.hpp
[10.918s] -- Installing: /root/dev_ws/install/turtlesim/include/turtlesim/msg/detail/pose__struct.hpp
[10.918s] -- Installing: /root/dev_ws/install/turtlesim/include/turtlesim/msg/detail/color__builder.hpp
[10.918s] -- Installing: /root/dev_ws/install/turtlesim/include/turtlesim/msg/detail/color__struct.hpp
[10.918s] -- Installing: /root/dev_ws/install/turtlesim/include/turtlesim/msg/color.hpp
[10.918s] -- Up-to-date: /root/dev_ws/install/turtlesim/include/turtlesim/srv
[10.919s] -- Up-to-date: /root/dev_ws/install/turtlesim/include/turtlesim/srv/detail
[10.919s] -- Installing: /root/dev_ws/install/turtlesim/include/turtlesim/srv/detail/spawn__builder.hpp
[10.919s] -- Installing: /root/dev_ws/install/turtlesim/include/turtlesim/srv/detail/kill__traits.hpp
[10.919s] -- Installing: /root/dev_ws/install/turtlesim/include/turtlesim/srv/detail/teleport_relative__struct.hpp
[10.919s] -- Installing: /root/dev_ws/install/turtlesim/include/turtlesim/srv/detail/teleport_relative__builder.hpp
[10.919s] -- Installing: /root/dev_ws/install/turtlesim/include/turtlesim/srv/detail/spawn__struct.hpp
[10.919s] -- Installing: /root/dev_ws/install/turtlesim/include/turtlesim/srv/detail/teleport_absolute__struct.hpp
[10.919s] -- Installing: /root/dev_ws/install/turtlesim/include/turtlesim/srv/detail/teleport_relative__traits.hpp
[10.919s] -- Installing: /root/dev_ws/install/turtlesim/include/turtlesim/srv/detail/set_pen__struct.hpp
[10.919s] -- Installing: /root/dev_ws/install/turtlesim/include/turtlesim/srv/detail/spawn__traits.hpp
[10.919s] -- Installing: /root/dev_ws/install/turtlesim/include/turtlesim/srv/detail/set_pen__traits.hpp
[10.919s] -- Installing: /root/dev_ws/install/turtlesim/include/turtlesim/srv/detail/teleport_absolute__builder.hpp
[10.919s] -- Installing: /root/dev_ws/install/turtlesim/include/turtlesim/srv/detail/kill__builder.hpp
[10.919s] -- Installing: /root/dev_ws/install/turtlesim/include/turtlesim/srv/detail/kill__struct.hpp
[10.919s] -- Installing: /root/dev_ws/install/turtlesim/include/turtlesim/srv/detail/set_pen__builder.hpp
[10.919s] -- Installing: /root/dev_ws/install/turtlesim/include/turtlesim/srv/detail/teleport_absolute__traits.hpp
[10.919s] -- Installing: /root/dev_ws/install/turtlesim/include/turtlesim/srv/kill.hpp
[10.920s] -- Installing: /root/dev_ws/install/turtlesim/include/turtlesim/srv/spawn.hpp
[10.920s] -- Installing: /root/dev_ws/install/turtlesim/include/turtlesim/srv/teleport_absolute.hpp
[10.920s] -- Installing: /root/dev_ws/install/turtlesim/include/turtlesim/srv/set_pen.hpp
[10.920s] -- Installing: /root/dev_ws/install/turtlesim/include/turtlesim/srv/teleport_relative.hpp
[10.920s] -- Up-to-date: /root/dev_ws/install/turtlesim/include/turtlesim/action
[10.920s] -- Installing: /root/dev_ws/install/turtlesim/include/turtlesim/action/rotate_absolute.hpp
[10.920s] -- Up-to-date: /root/dev_ws/install/turtlesim/include/turtlesim/action/detail
[10.920s] -- Installing: /root/dev_ws/install/turtlesim/include/turtlesim/action/detail/rotate_absolute__traits.hpp
[10.920s] -- Installing: /root/dev_ws/install/turtlesim/include/turtlesim/action/detail/rotate_absolute__struct.hpp
[10.920s] -- Installing: /root/dev_ws/install/turtlesim/include/turtlesim/action/detail/rotate_absolute__builder.hpp
[10.920s] -- Up-to-date: /root/dev_ws/install/turtlesim/include/turtlesim
[10.920s] -- Up-to-date: /root/dev_ws/install/turtlesim/include/turtlesim/msg
[10.920s] -- Up-to-date: /root/dev_ws/install/turtlesim/include/turtlesim/msg/detail
[10.920s] -- Installing: /root/dev_ws/install/turtlesim/include/turtlesim/msg/detail/color__rosidl_typesupport_introspection_cpp.hpp
[10.920s] -- Installing: /root/dev_ws/install/turtlesim/include/turtlesim/msg/detail/pose__type_support.cpp
[10.920s] -- Installing: /root/dev_ws/install/turtlesim/include/turtlesim/msg/detail/color__type_support.cpp
[10.920s] -- Installing: /root/dev_ws/install/turtlesim/include/turtlesim/msg/detail/pose__rosidl_typesupport_introspection_cpp.hpp
[10.921s] -- Up-to-date: /root/dev_ws/install/turtlesim/include/turtlesim/srv
[10.921s] -- Up-to-date: /root/dev_ws/install/turtlesim/include/turtlesim/srv/detail
[10.921s] -- Installing: /root/dev_ws/install/turtlesim/include/turtlesim/srv/detail/kill__type_support.cpp
[10.921s] -- Installing: /root/dev_ws/install/turtlesim/include/turtlesim/srv/detail/set_pen__rosidl_typesupport_introspection_cpp.hpp
[10.921s] -- Installing: /root/dev_ws/install/turtlesim/include/turtlesim/srv/detail/set_pen__type_support.cpp
[10.921s] -- Installing: /root/dev_ws/install/turtlesim/include/turtlesim/srv/detail/teleport_relative__type_support.cpp
[10.921s] -- Installing: /root/dev_ws/install/turtlesim/include/turtlesim/srv/detail/teleport_absolute__type_support.cpp
[10.921s] -- Installing: /root/dev_ws/install/turtlesim/include/turtlesim/srv/detail/teleport_absolute__rosidl_typesupport_introspection_cpp.hpp
[10.921s] -- Installing: /root/dev_ws/install/turtlesim/include/turtlesim/srv/detail/spawn__type_support.cpp
[10.921s] -- Installing: /root/dev_ws/install/turtlesim/include/turtlesim/srv/detail/teleport_relative__rosidl_typesupport_introspection_cpp.hpp
[10.921s] -- Installing: /root/dev_ws/install/turtlesim/include/turtlesim/srv/detail/kill__rosidl_typesupport_introspection_cpp.hpp
[10.921s] -- Installing: /root/dev_ws/install/turtlesim/include/turtlesim/srv/detail/spawn__rosidl_typesupport_introspection_cpp.hpp
[10.921s] -- Up-to-date: /root/dev_ws/install/turtlesim/include/turtlesim/action
[10.921s] -- Up-to-date: /root/dev_ws/install/turtlesim/include/turtlesim/action/detail
[10.921s] -- Installing: /root/dev_ws/install/turtlesim/include/turtlesim/action/detail/rotate_absolute__type_support.cpp
[10.921s] -- Installing: /root/dev_ws/install/turtlesim/include/turtlesim/action/detail/rotate_absolute__rosidl_typesupport_introspection_cpp.hpp
[10.921s] -- Installing: /root/dev_ws/install/turtlesim/lib/libturtlesim__rosidl_typesupport_introspection_cpp.so
[10.921s] -- Set runtime path of "/root/dev_ws/install/turtlesim/lib/libturtlesim__rosidl_typesupport_introspection_cpp.so" to ""
[10.922s] -- Installing: /root/dev_ws/install/turtlesim/lib/libturtlesim__rosidl_typesupport_cpp.so
[10.922s] -- Set runtime path of "/root/dev_ws/install/turtlesim/lib/libturtlesim__rosidl_typesupport_cpp.so" to ""
[10.922s] -- Installing: /root/dev_ws/install/turtlesim/share/turtlesim/environment/pythonpath.sh
[10.922s] -- Installing: /root/dev_ws/install/turtlesim/share/turtlesim/environment/pythonpath.dsv
[10.922s] -- Installing: /root/dev_ws/install/turtlesim/lib/python3.8/site-packages/turtlesim/__init__.py
[10.942s] Compiling '/root/dev_ws/install/turtlesim/lib/python3.8/site-packages/turtlesim/__init__.py'...
[10.944s] -- Installing: /root/dev_ws/install/turtlesim/lib/python3.8/site-packages/turtlesim/action
[10.944s] -- Installing: /root/dev_ws/install/turtlesim/lib/python3.8/site-packages/turtlesim/action/_rotate_absolute.py
[10.944s] -- Installing: /root/dev_ws/install/turtlesim/lib/python3.8/site-packages/turtlesim/action/__init__.py
[10.944s] -- Installing: /root/dev_ws/install/turtlesim/lib/python3.8/site-packages/turtlesim/action/_rotate_absolute_s.c
[10.944s] -- Installing: /root/dev_ws/install/turtlesim/lib/python3.8/site-packages/turtlesim/msg
[10.944s] -- Installing: /root/dev_ws/install/turtlesim/lib/python3.8/site-packages/turtlesim/msg/_color.py
[10.945s] -- Installing: /root/dev_ws/install/turtlesim/lib/python3.8/site-packages/turtlesim/msg/_pose_s.c
[10.945s] -- Installing: /root/dev_ws/install/turtlesim/lib/python3.8/site-packages/turtlesim/msg/__init__.py
[10.945s] -- Installing: /root/dev_ws/install/turtlesim/lib/python3.8/site-packages/turtlesim/msg/_color_s.c
[10.945s] -- Installing: /root/dev_ws/install/turtlesim/lib/python3.8/site-packages/turtlesim/msg/_pose.py
[10.945s] -- Installing: /root/dev_ws/install/turtlesim/lib/python3.8/site-packages/turtlesim/srv
[10.945s] -- Installing: /root/dev_ws/install/turtlesim/lib/python3.8/site-packages/turtlesim/srv/_spawn_s.c
[10.945s] -- Installing: /root/dev_ws/install/turtlesim/lib/python3.8/site-packages/turtlesim/srv/_teleport_relative_s.c
[10.945s] -- Installing: /root/dev_ws/install/turtlesim/lib/python3.8/site-packages/turtlesim/srv/_spawn.py
[10.945s] -- Installing: /root/dev_ws/install/turtlesim/lib/python3.8/site-packages/turtlesim/srv/_kill.py
[10.945s] -- Installing: /root/dev_ws/install/turtlesim/lib/python3.8/site-packages/turtlesim/srv/_set_pen_s.c
[10.945s] -- Installing: /root/dev_ws/install/turtlesim/lib/python3.8/site-packages/turtlesim/srv/_set_pen.py
[10.945s] -- Installing: /root/dev_ws/install/turtlesim/lib/python3.8/site-packages/turtlesim/srv/__init__.py
[10.945s] -- Installing: /root/dev_ws/install/turtlesim/lib/python3.8/site-packages/turtlesim/srv/_teleport_relative.py
[10.945s] -- Installing: /root/dev_ws/install/turtlesim/lib/python3.8/site-packages/turtlesim/srv/_kill_s.c
[10.945s] -- Installing: /root/dev_ws/install/turtlesim/lib/python3.8/site-packages/turtlesim/srv/_teleport_absolute_s.c
[10.945s] -- Installing: /root/dev_ws/install/turtlesim/lib/python3.8/site-packages/turtlesim/srv/_teleport_absolute.py
[10.946s] -- Installing: /root/dev_ws/install/turtlesim/lib/python3.8/site-packages/turtlesim/turtlesim_s__rosidl_typesupport_fastrtps_c.cpython-38-x86_64-linux-gnu.so
[10.946s] -- Set runtime path of "/root/dev_ws/install/turtlesim/lib/python3.8/site-packages/turtlesim/turtlesim_s__rosidl_typesupport_fastrtps_c.cpython-38-x86_64-linux-gnu.so" to ""
[10.946s] -- Installing: /root/dev_ws/install/turtlesim/lib/python3.8/site-packages/turtlesim/turtlesim_s__rosidl_typesupport_introspection_c.cpython-38-x86_64-linux-gnu.so
[10.947s] -- Set runtime path of "/root/dev_ws/install/turtlesim/lib/python3.8/site-packages/turtlesim/turtlesim_s__rosidl_typesupport_introspection_c.cpython-38-x86_64-linux-gnu.so" to ""
[10.947s] -- Installing: /root/dev_ws/install/turtlesim/lib/python3.8/site-packages/turtlesim/turtlesim_s__rosidl_typesupport_c.cpython-38-x86_64-linux-gnu.so
[10.947s] -- Set runtime path of "/root/dev_ws/install/turtlesim/lib/python3.8/site-packages/turtlesim/turtlesim_s__rosidl_typesupport_c.cpython-38-x86_64-linux-gnu.so" to ""
[10.947s] -- Installing: /root/dev_ws/install/turtlesim/lib/libturtlesim__python.so
[10.947s] -- Set runtime path of "/root/dev_ws/install/turtlesim/lib/libturtlesim__python.so" to ""
[10.947s] -- Installing: /root/dev_ws/install/turtlesim/share/turtlesim/action/RotateAbsolute.idl
[10.948s] -- Installing: /root/dev_ws/install/turtlesim/share/turtlesim/msg/Color.idl
[10.948s] -- Installing: /root/dev_ws/install/turtlesim/share/turtlesim/msg/Pose.idl
[10.948s] -- Installing: /root/dev_ws/install/turtlesim/share/turtlesim/srv/Kill.idl
[10.948s] -- Installing: /root/dev_ws/install/turtlesim/share/turtlesim/srv/SetPen.idl
[10.948s] -- Installing: /root/dev_ws/install/turtlesim/share/turtlesim/srv/Spawn.idl
[10.948s] -- Installing: /root/dev_ws/install/turtlesim/share/turtlesim/srv/TeleportAbsolute.idl
[10.948s] -- Installing: /root/dev_ws/install/turtlesim/share/turtlesim/srv/TeleportRelative.idl
[10.948s] -- Installing: /root/dev_ws/install/turtlesim/share/turtlesim/action/RotateAbsolute.action
[10.948s] -- Installing: /root/dev_ws/install/turtlesim/share/turtlesim/msg/Color.msg
[10.948s] -- Installing: /root/dev_ws/install/turtlesim/share/turtlesim/msg/Pose.msg
[10.948s] -- Installing: /root/dev_ws/install/turtlesim/share/turtlesim/srv/Kill.srv
[10.948s] -- Installing: /root/dev_ws/install/turtlesim/share/turtlesim/srv/Kill_Request.msg
[10.948s] -- Installing: /root/dev_ws/install/turtlesim/share/turtlesim/srv/Kill_Response.msg
[10.948s] -- Installing: /root/dev_ws/install/turtlesim/share/turtlesim/srv/SetPen.srv
[10.948s] -- Installing: /root/dev_ws/install/turtlesim/share/turtlesim/srv/SetPen_Request.msg
[10.949s] -- Installing: /root/dev_ws/install/turtlesim/share/turtlesim/srv/SetPen_Response.msg
[10.949s] -- Installing: /root/dev_ws/install/turtlesim/share/turtlesim/srv/Spawn.srv
[10.949s] -- Installing: /root/dev_ws/install/turtlesim/share/turtlesim/srv/Spawn_Request.msg
[10.949s] -- Installing: /root/dev_ws/install/turtlesim/share/turtlesim/srv/Spawn_Response.msg
[10.949s] -- Installing: /root/dev_ws/install/turtlesim/share/turtlesim/srv/TeleportAbsolute.srv
[10.949s] -- Installing: /root/dev_ws/install/turtlesim/share/turtlesim/srv/TeleportAbsolute_Request.msg
[10.949s] -- Installing: /root/dev_ws/install/turtlesim/share/turtlesim/srv/TeleportAbsolute_Response.msg
[10.949s] -- Installing: /root/dev_ws/install/turtlesim/share/turtlesim/srv/TeleportRelative.srv
[10.949s] -- Installing: /root/dev_ws/install/turtlesim/share/turtlesim/srv/TeleportRelative_Request.msg
[10.949s] -- Installing: /root/dev_ws/install/turtlesim/share/turtlesim/srv/TeleportRelative_Response.msg
[10.949s] -- Installing: /root/dev_ws/install/turtlesim/lib/turtlesim/turtlesim_node
[10.953s] -- Set runtime path of "/root/dev_ws/install/turtlesim/lib/turtlesim/turtlesim_node" to ""
[10.953s] -- Installing: /root/dev_ws/install/turtlesim/lib/turtlesim/turtle_teleop_key
[10.954s] -- Set runtime path of "/root/dev_ws/install/turtlesim/lib/turtlesim/turtle_teleop_key" to ""
[10.954s] -- Installing: /root/dev_ws/install/turtlesim/lib/turtlesim/draw_square
[10.956s] -- Set runtime path of "/root/dev_ws/install/turtlesim/lib/turtlesim/draw_square" to ""
[10.956s] -- Installing: /root/dev_ws/install/turtlesim/lib/turtlesim/mimic
[10.957s] -- Set runtime path of "/root/dev_ws/install/turtlesim/lib/turtlesim/mimic" to ""
[10.957s] -- Installing: /root/dev_ws/install/turtlesim/share/turtlesim/images
[10.957s] -- Installing: /root/dev_ws/install/turtlesim/share/turtlesim/images/eloquent.png
[10.958s] -- Installing: /root/dev_ws/install/turtlesim/share/turtlesim/images/bouncy.png
[10.958s] -- Installing: /root/dev_ws/install/turtlesim/share/turtlesim/images/ardent.png
[10.958s] -- Installing: /root/dev_ws/install/turtlesim/share/turtlesim/images/foxy.png
[10.958s] -- Installing: /root/dev_ws/install/turtlesim/share/turtlesim/images/crystal.png
[10.958s] -- Installing: /root/dev_ws/install/turtlesim/share/turtlesim/images/dashing.png
[10.958s] -- Installing: /root/dev_ws/install/turtlesim/share/turtlesim/launch
[10.958s] -- Installing: /root/dev_ws/install/turtlesim/share/turtlesim/launch/multisim.launch.py
[10.958s] -- Installing: /root/dev_ws/install/turtlesim/share/ament_index/resource_index/package_run_dependencies/turtlesim
[10.958s] -- Installing: /root/dev_ws/install/turtlesim/share/ament_index/resource_index/parent_prefix_path/turtlesim
[10.958s] -- Installing: /root/dev_ws/install/turtlesim/share/turtlesim/environment/ament_prefix_path.sh
[10.958s] -- Installing: /root/dev_ws/install/turtlesim/share/turtlesim/environment/ament_prefix_path.dsv
[10.958s] -- Installing: /root/dev_ws/install/turtlesim/share/turtlesim/environment/path.sh
[10.958s] -- Installing: /root/dev_ws/install/turtlesim/share/turtlesim/environment/path.dsv
[10.958s] -- Installing: /root/dev_ws/install/turtlesim/share/turtlesim/local_setup.bash
[10.958s] -- Installing: /root/dev_ws/install/turtlesim/share/turtlesim/local_setup.sh
[10.958s] -- Installing: /root/dev_ws/install/turtlesim/share/turtlesim/local_setup.zsh
[10.959s] -- Installing: /root/dev_ws/install/turtlesim/share/turtlesim/local_setup.dsv
[10.959s] -- Installing: /root/dev_ws/install/turtlesim/share/turtlesim/package.dsv
[10.959s] -- Installing: /root/dev_ws/install/turtlesim/share/ament_index/resource_index/packages/turtlesim
[10.959s] -- Installing: /root/dev_ws/install/turtlesim/share/turtlesim/cmake/turtlesim__rosidl_generator_cExport.cmake
[10.959s] -- Installing: /root/dev_ws/install/turtlesim/share/turtlesim/cmake/turtlesim__rosidl_generator_cExport-noconfig.cmake
[10.959s] -- Installing: /root/dev_ws/install/turtlesim/share/turtlesim/cmake/turtlesim__rosidl_typesupport_introspection_cExport.cmake
[10.959s] -- Installing: /root/dev_ws/install/turtlesim/share/turtlesim/cmake/turtlesim__rosidl_typesupport_introspection_cExport-noconfig.cmake
[10.959s] -- Installing: /root/dev_ws/install/turtlesim/share/turtlesim/cmake/turtlesim__rosidl_typesupport_cExport.cmake
[10.959s] -- Installing: /root/dev_ws/install/turtlesim/share/turtlesim/cmake/turtlesim__rosidl_typesupport_cExport-noconfig.cmake
[10.959s] -- Installing: /root/dev_ws/install/turtlesim/share/turtlesim/cmake/turtlesim__rosidl_generator_cppExport.cmake
[10.959s] -- Installing: /root/dev_ws/install/turtlesim/share/turtlesim/cmake/turtlesim__rosidl_typesupport_introspection_cppExport.cmake
[10.960s] -- Installing: /root/dev_ws/install/turtlesim/share/turtlesim/cmake/turtlesim__rosidl_typesupport_introspection_cppExport-noconfig.cmake
[10.960s] -- Installing: /root/dev_ws/install/turtlesim/share/turtlesim/cmake/turtlesim__rosidl_typesupport_cppExport.cmake
[10.960s] -- Installing: /root/dev_ws/install/turtlesim/share/turtlesim/cmake/turtlesim__rosidl_typesupport_cppExport-noconfig.cmake
[10.960s] -- Installing: /root/dev_ws/install/turtlesim/share/turtlesim/cmake/rosidl_cmake-extras.cmake
[10.960s] -- Installing: /root/dev_ws/install/turtlesim/share/turtlesim/cmake/ament_cmake_export_dependencies-extras.cmake
[10.960s] -- Installing: /root/dev_ws/install/turtlesim/share/turtlesim/cmake/ament_cmake_export_libraries-extras.cmake
[10.960s] -- Installing: /root/dev_ws/install/turtlesim/share/turtlesim/cmake/ament_cmake_export_targets-extras.cmake
[10.960s] -- Installing: /root/dev_ws/install/turtlesim/share/turtlesim/cmake/ament_cmake_export_include_directories-extras.cmake
[10.960s] -- Installing: /root/dev_ws/install/turtlesim/share/turtlesim/cmake/rosidl_cmake_export_typesupport_libraries-extras.cmake
[10.960s] -- Installing: /root/dev_ws/install/turtlesim/share/turtlesim/cmake/rosidl_cmake_export_typesupport_targets-extras.cmake
[10.960s] -- Installing: /root/dev_ws/install/turtlesim/share/turtlesim/cmake/turtlesimConfig.cmake
[10.960s] -- Installing: /root/dev_ws/install/turtlesim/share/turtlesim/cmake/turtlesimConfig-version.cmake
[10.960s] -- Installing: /root/dev_ws/install/turtlesim/share/turtlesim/package.xml
[10.962s] Invoked command in '/root/dev_ws/build/turtlesim' returned '0': CMAKE_PREFIX_PATH=/opt/ros/foxy /usr/bin/cmake --install /root/dev_ws/build/turtlesim
