[0.417s] Invoking command in '/root/dev_ws/src/workshop_aruco': PYTHONPATH=/root/dev_ws/install/workshop_aruco/lib/python3.8/site-packages:${PYTHONPATH} /usr/bin/python3 setup.py egg_info --egg-base ../../build/workshop_aruco build --build-base /root/dev_ws/build/workshop_aruco/build install --prefix /root/dev_ws/install/workshop_aruco --record /root/dev_ws/build/workshop_aruco/install.log --single-version-externally-managed
[0.550s] running egg_info
[0.551s] writing ../../build/workshop_aruco/workshop_aruco.egg-info/PKG-INFO
[0.551s] writing dependency_links to ../../build/workshop_aruco/workshop_aruco.egg-info/dependency_links.txt
[0.551s] writing entry points to ../../build/workshop_aruco/workshop_aruco.egg-info/entry_points.txt
[0.551s] writing requirements to ../../build/workshop_aruco/workshop_aruco.egg-info/requires.txt
[0.551s] writing top-level names to ../../build/workshop_aruco/workshop_aruco.egg-info/top_level.txt
[0.577s] reading manifest file '../../build/workshop_aruco/workshop_aruco.egg-info/SOURCES.txt'
[0.578s] writing manifest file '../../build/workshop_aruco/workshop_aruco.egg-info/SOURCES.txt'
[0.578s] running build
[0.578s] running build_py
[0.578s] copying workshop_aruco/image_publisher.py -> /root/dev_ws/build/workshop_aruco/build/lib/workshop_aruco
[0.578s] running install
[0.578s] running install_lib
[0.579s] copying /root/dev_ws/build/workshop_aruco/build/lib/workshop_aruco/image_publisher.py -> /root/dev_ws/install/workshop_aruco/lib/python3.8/site-packages/workshop_aruco
[0.579s] byte-compiling /root/dev_ws/install/workshop_aruco/lib/python3.8/site-packages/workshop_aruco/image_publisher.py to image_publisher.cpython-38.pyc
[0.580s] running install_data
[0.580s] copying package.xml -> /root/dev_ws/install/workshop_aruco/share/workshop_aruco
[0.580s] running install_egg_info
[0.581s] removing '/root/dev_ws/install/workshop_aruco/lib/python3.8/site-packages/workshop_aruco-0.0.0-py3.8.egg-info' (and everything under it)
[0.582s] Copying ../../build/workshop_aruco/workshop_aruco.egg-info to /root/dev_ws/install/workshop_aruco/lib/python3.8/site-packages/workshop_aruco-0.0.0-py3.8.egg-info
[0.582s] running install_scripts
[0.595s] Installing image_publisher script to /root/dev_ws/install/workshop_aruco/lib/workshop_aruco
[0.595s] writing list of installed files to '/root/dev_ws/build/workshop_aruco/install.log'
[0.609s] Invoked command in '/root/dev_ws/src/workshop_aruco' returned '0': PYTHONPATH=/root/dev_ws/install/workshop_aruco/lib/python3.8/site-packages:${PYTHONPATH} /usr/bin/python3 setup.py egg_info --egg-base ../../build/workshop_aruco build --build-base /root/dev_ws/build/workshop_aruco/build install --prefix /root/dev_ws/install/workshop_aruco --record /root/dev_ws/build/workshop_aruco/install.log --single-version-externally-managed
